-------------------------------------------------------------------------------
Test set: guru.springframework.sfgpetclinic.SfgPetClinicApplicationTests
-------------------------------------------------------------------------------
Tests run: 1, Failures: 0, Errors: 1, Skipped: 0, Time elapsed: 4.365 s <<< FAILURE! - in guru.springframework.sfgpetclinic.SfgPetClinicApplicationTests
contextLoads  Time elapsed: 0.001 s  <<< ERROR!
java.lang.IllegalStateException: Failed to load ApplicationContext
Caused by: org.springframework.beans.factory.UnsatisfiedDependencyException: Error creating bean with name 'ownerController' defined in file [C:\Users\bakolagi\IdeaProjects\sfg-pet-clinic\pet-clinic-web\target\classes\guru\springframework\sfgpetclinic\controller\OwnerController.class]: Unsatisfied dependency expressed through constructor parameter 0; nested exception is org.springframework.beans.factory.UnsatisfiedDependencyException: Error creating bean with name 'ownerService' defined in class path resource [guru/springframework/sfgpetclinic/config/ApplicationConfig.class]: Unsatisfied dependency expressed through method 'ownerService' parameter 0; nested exception is org.springframework.beans.factory.NoSuchBeanDefinitionException: No qualifying bean of type 'guru.springframework.jiji.repositories.OwnerRepository' available: expected at least 1 bean which qualifies as autowire candidate. Dependency annotations: {}
Caused by: org.springframework.beans.factory.UnsatisfiedDependencyException: Error creating bean with name 'ownerService' defined in class path resource [guru/springframework/sfgpetclinic/config/ApplicationConfig.class]: Unsatisfied dependency expressed through method 'ownerService' parameter 0; nested exception is org.springframework.beans.factory.NoSuchBeanDefinitionException: No qualifying bean of type 'guru.springframework.jiji.repositories.OwnerRepository' available: expected at least 1 bean which qualifies as autowire candidate. Dependency annotations: {}
Caused by: org.springframework.beans.factory.NoSuchBeanDefinitionException: No qualifying bean of type 'guru.springframework.jiji.repositories.OwnerRepository' available: expected at least 1 bean which qualifies as autowire candidate. Dependency annotations: {}

